TN:
SF:/home/hy/shorturl/application.js
FN:32,(anonymous_0)
FNF:1
FNH:1
FNDA:1,(anonymous_0)
DA:3,1
DA:4,1
DA:6,1
DA:23,1
DA:29,1
DA:32,1
DA:33,1
DA:35,1
LF:8
LH:8
BRDA:9,0,0,1
BRDA:9,0,1,1
BRDA:11,1,0,1
BRDA:11,1,1,1
BRDA:12,2,0,1
BRDA:12,2,1,1
BRDA:20,3,0,1
BRDA:20,3,1,1
BRDA:24,4,0,1
BRDA:24,4,1,1
BRDA:24,5,0,1
BRDA:24,5,1,0
BRDA:26,6,0,1
BRDA:26,6,1,1
BRDA:27,7,0,1
BRDA:27,7,1,1
BRF:16
BRH:15
end_of_record
TN:
SF:/home/hy/shorturl/controllers/service.js
FN:8,(anonymous_0)
FN:52,(anonymous_1)
FN:91,(anonymous_2)
FNF:3
FNH:3
FNDA:2,(anonymous_0)
FNDA:2,(anonymous_1)
FNDA:1,(anonymous_2)
DA:3,1
DA:4,1
DA:5,1
DA:9,2
DA:10,2
DA:11,2
DA:12,2
DA:13,2
DA:14,2
DA:21,2
DA:22,2
DA:23,1
DA:24,1
DA:32,1
DA:33,1
DA:38,1
DA:41,0
DA:42,0
DA:43,0
DA:53,2
DA:54,2
DA:55,2
DA:56,2
DA:57,2
DA:64,2
DA:65,2
DA:66,1
DA:68,1
DA:69,1
DA:78,0
DA:79,0
DA:80,0
DA:91,1
DA:92,1
LF:34
LH:28
BRDA:22,0,0,1
BRDA:22,0,1,1
BRDA:22,1,0,2
BRDA:22,1,1,2
BRDA:46,2,0,0
BRDA:46,2,1,0
BRDA:65,3,0,1
BRDA:65,3,1,1
BRDA:65,4,0,2
BRDA:65,4,1,2
BRDA:65,4,2,1
BRDA:83,5,0,0
BRDA:83,5,1,0
BRF:13
BRH:9
end_of_record
TN:
SF:/home/hy/shorturl/controllers/setup.js
FN:11,(anonymous_0)
FN:14,(anonymous_1)
FN:19,(anonymous_2)
FN:24,(anonymous_3)
FN:27,(anonymous_4)
FN:36,(anonymous_5)
FN:41,(anonymous_6)
FN:50,(anonymous_7)
FN:66,(anonymous_8)
FNF:9
FNH:9
FNDA:1,(anonymous_0)
FNDA:1,(anonymous_1)
FNDA:1,(anonymous_2)
FNDA:2,(anonymous_3)
FNDA:2,(anonymous_4)
FNDA:1,(anonymous_5)
FNDA:1,(anonymous_6)
FNDA:2,(anonymous_7)
FNDA:1,(anonymous_8)
DA:3,1
DA:4,1
DA:5,1
DA:6,1
DA:7,1
DA:8,1
DA:12,1
DA:15,1
DA:17,1
DA:20,1
DA:21,1
DA:22,1
DA:25,2
DA:28,2
DA:33,1
DA:34,1
DA:35,1
DA:37,1
DA:38,0
DA:41,1
DA:42,1
DA:43,1
DA:44,1
DA:45,1
DA:50,1
DA:51,2
DA:52,2
DA:53,2
DA:54,2
DA:56,0
DA:58,2
DA:66,1
DA:67,1
DA:68,1
DA:69,1
LF:35
LH:33
BRDA:37,0,0,0
BRDA:37,0,1,1
BRDA:53,1,0,2
BRDA:53,1,1,0
BRF:4
BRH:2
end_of_record
TN:
SF:/home/hy/shorturl/core/bootstrap.js
FN:9,(anonymous_0)
FN:11,(anonymous_1)
FN:17,(anonymous_2)
FNF:3
FNH:3
FNDA:1,(anonymous_0)
FNDA:1,(anonymous_1)
FNDA:1,(anonymous_2)
DA:5,1
DA:6,1
DA:7,1
DA:10,1
DA:11,1
DA:12,1
DA:17,1
DA:18,1
DA:19,1
DA:20,1
DA:21,1
DA:22,1
DA:23,1
DA:25,0
DA:26,0
LF:15
LH:13
BRF:0
BRH:0
end_of_record
TN:
SF:/home/hy/shorturl/core/service.js
FN:12,(anonymous_0)
FN:13,(anonymous_1)
FN:14,(anonymous_2)
FN:28,(anonymous_3)
FNF:4
FNH:4
FNDA:1,(anonymous_0)
FNDA:9,(anonymous_1)
FNDA:9,(anonymous_2)
FNDA:1,(anonymous_3)
DA:5,1
DA:6,1
DA:7,1
DA:8,1
DA:9,1
DA:13,9
DA:14,1
DA:15,9
DA:16,2
DA:17,2
DA:19,7
DA:22,1
DA:24,1
DA:28,1
DA:29,1
DA:30,1
LF:16
LH:16
BRDA:15,0,0,2
BRDA:15,0,1,7
BRF:2
BRH:2
end_of_record
TN:
SF:/home/hy/shorturl/core/modules/context.js
FN:9,(anonymous_0)
FN:15,(anonymous_1)
FN:23,(anonymous_2)
FNF:3
FNH:3
FNDA:9,(anonymous_0)
FNDA:9,(anonymous_1)
FNDA:9,(anonymous_2)
DA:6,1
DA:7,1
DA:10,9
DA:11,9
DA:12,9
DA:16,9
DA:17,8
DA:20,1
DA:24,9
DA:25,9
DA:26,9
DA:27,9
DA:28,9
DA:29,9
DA:30,9
DA:31,9
DA:35,1
LF:17
LH:17
BRDA:16,0,0,8
BRDA:16,0,1,1
BRDA:16,1,0,9
BRDA:16,1,1,9
BRDA:25,2,0,9
BRDA:25,2,1,9
BRF:6
BRH:6
end_of_record
TN:
SF:/home/hy/shorturl/db/index.js
FN:8,(anonymous_0)
FN:18,(anonymous_1)
FN:27,(anonymous_2)
FN:37,(anonymous_3)
FNF:4
FNH:4
FNDA:1,(anonymous_0)
FNDA:4,(anonymous_1)
FNDA:1,(anonymous_2)
FNDA:1,(anonymous_3)
DA:3,1
DA:4,1
DA:5,1
DA:9,1
DA:10,1
DA:11,1
DA:12,1
DA:13,1
DA:15,0
DA:19,4
DA:20,4
DA:21,4
DA:23,0
DA:28,1
DA:29,1
DA:30,1
DA:32,0
DA:37,1
DA:38,1
DA:39,1
LF:20
LH:17
BRF:0
BRH:0
end_of_record
